<?xml version="1.0" encoding="UTF-8"?>
<!-- Generated by org.testng.reporters.JUnitReportReporter -->
<testsuite hostname="hp" name="com.barclays.ExtentReport" tests="1" failures="0" timestamp="31 Mar 2018 05:40:51 GMT" time="0.116" errors="0">
  <testcase name="testMethod" time="0.116" classname="com.barclays.ExtentReport"/>
</testsuite> <!-- com.barclays.ExtentReport -->
