<?xml version="1.0" encoding="UTF-8"?>
<!-- Generated by org.testng.reporters.JUnitReportReporter -->
<testsuite hostname="hp" name="com.info.arusha.Crossbrowsersample" tests="2" failures="0" timestamp="9 Aug 2014 14:22:26 GMT" time="0.008" errors="0">
  <testcase name="login" time="0.001" classname="com.info.arusha.Crossbrowsersample"/>
  <testcase name="login" time="0.007" classname="com.info.arusha.Crossbrowsersample"/>
</testsuite> <!-- com.info.arusha.Crossbrowsersample -->
