<?xml version="1.0" encoding="UTF-8"?>
<!-- Generated by org.testng.reporters.JUnitReportReporter -->
<testsuite hostname="hp" name="com.info.arusha.DataProvide" tests="9" failures="0" timestamp="5 Nov 2015 17:57:21 GMT" time="0.096" errors="0">
  <testcase name="getMessages" time="0.016" classname="com.info.arusha.DataProvide"/>
  <testcase name="getMessages" time="0.000" classname="com.info.arusha.DataProvide"/>
  <testcase name="getMessages" time="0.000" classname="com.info.arusha.DataProvide"/>
  <testcase name="getMessages" time="0.016" classname="com.info.arusha.DataProvide"/>
  <testcase name="getMessages" time="0.016" classname="com.info.arusha.DataProvide"/>
  <testcase name="getMessages" time="0.016" classname="com.info.arusha.DataProvide"/>
  <testcase name="getMessages" time="0.016" classname="com.info.arusha.DataProvide"/>
  <testcase name="getMessages" time="0.000" classname="com.info.arusha.DataProvide"/>
  <testcase name="getMessages" time="0.016" classname="com.info.arusha.DataProvide"/>
</testsuite> <!-- com.info.arusha.DataProvide -->
